TN:
SF:src\app.js
FNF:0
FNH:0
DA:2,1
DA:7,1
DA:10,1
DA:13,1
DA:16,1
DA:20,1
DA:23,1
DA:27,1
DA:31,1
DA:34,1
DA:38,1
LF:11
LH:11
BRF:0
BRH:0
end_of_record
TN:
SF:src\server.js
FN:6,(anonymous_0)
FNF:1
FNH:0
FNDA:0,(anonymous_0)
DA:1,0
DA:3,0
DA:6,0
DA:7,0
LF:4
LH:0
BRF:0
BRH:0
end_of_record
TN:
SF:src\controllers\authController.js
FN:16,(anonymous_0)
FN:45,(anonymous_1)
FNF:2
FNH:2
FNDA:2,(anonymous_0)
FNDA:2,(anonymous_1)
DA:2,2
DA:5,2
DA:8,2
DA:11,2
DA:16,2
DA:19,2
DA:26,2
DA:28,2
DA:33,2
DA:38,2
DA:41,0
DA:45,2
DA:46,2
DA:49,2
DA:51,2
DA:52,2
DA:56,2
DA:58,2
DA:61,2
DA:62,0
DA:68,2
DA:72,2
DA:73,0
DA:80,2
DA:84,2
DA:87,0
DA:91,2
LF:27
LH:23
BRDA:61,0,0,0
BRDA:61,0,1,2
BRDA:72,1,0,0
BRDA:72,1,1,2
BRF:4
BRH:2
end_of_record
TN:
SF:src\controllers\recursoController.js
FN:7,(anonymous_0)
FN:29,(anonymous_1)
FN:40,(anonymous_2)
FN:56,(anonymous_3)
FN:90,(anonymous_4)
FNF:5
FNH:0
FNDA:0,(anonymous_0)
FNDA:0,(anonymous_1)
FNDA:0,(anonymous_2)
FNDA:0,(anonymous_3)
FNDA:0,(anonymous_4)
DA:4,1
DA:7,1
DA:10,0
DA:11,0
DA:12,0
DA:14,0
DA:17,0
DA:21,0
DA:24,0
DA:29,1
DA:30,0
DA:32,0
DA:33,0
DA:35,0
DA:40,1
DA:42,0
DA:44,0
DA:47,0
DA:50,0
DA:52,0
DA:56,1
DA:57,0
DA:58,0
DA:60,0
DA:61,0
DA:64,0
DA:65,0
DA:68,0
DA:71,0
DA:72,0
DA:73,0
DA:77,0
DA:80,0
DA:83,0
DA:86,0
DA:90,1
DA:91,0
DA:93,0
DA:95,0
DA:98,0
DA:101,0
DA:103,0
DA:109,1
LF:43
LH:7
BRDA:64,0,0,0
BRDA:64,0,1,0
BRDA:71,1,0,0
BRDA:71,1,1,0
BRF:4
BRH:0
end_of_record
TN:
SF:src\middlewares\authMiddleware.js
FN:5,(anonymous_0)
FN:32,(anonymous_1)
FN:38,(anonymous_2)
FNF:3
FNH:1
FNDA:0,(anonymous_0)
FNDA:5,(anonymous_1)
FNDA:0,(anonymous_2)
DA:2,1
DA:5,1
DA:7,0
DA:10,0
DA:11,0
DA:15,0
DA:19,0
DA:22,0
DA:25,0
DA:28,0
DA:32,1
DA:34,5
DA:35,5
DA:39,0
DA:40,0
DA:42,0
DA:47,1
LF:17
LH:6
BRDA:10,0,0,0
BRDA:10,0,1,0
BRDA:32,1,0,2
BRDA:34,2,0,0
BRDA:34,2,1,5
BRDA:39,3,0,0
BRDA:39,3,1,0
BRDA:39,4,0,0
BRDA:39,4,1,0
BRF:9
BRH:2
end_of_record
TN:
SF:src\models\recursoModel.js
FN:5,(anonymous_0)
FN:19,(anonymous_1)
FN:31,(anonymous_2)
FN:42,(anonymous_3)
FN:74,(anonymous_4)
FNF:5
FNH:0
FNDA:0,(anonymous_0)
FNDA:0,(anonymous_1)
FNDA:0,(anonymous_2)
FNDA:0,(anonymous_3)
FNDA:0,(anonymous_4)
DA:2,1
DA:5,1
DA:8,0
DA:15,0
DA:19,1
DA:22,0
DA:27,0
DA:31,1
DA:33,0
DA:39,0
DA:42,1
DA:44,0
DA:45,0
DA:47,0
DA:49,0
DA:55,0
DA:56,0
DA:57,0
DA:61,0
DA:63,0
DA:66,0
DA:67,0
DA:74,1
DA:76,0
DA:81,0
DA:85,1
LF:26
LH:7
BRDA:55,0,0,0
BRDA:55,0,1,0
BRF:2
BRH:0
end_of_record
TN:
SF:src\models\usuarioModel.js
FN:5,(anonymous_0)
FN:18,(anonymous_1)
FNF:2
FNH:2
FNDA:1,(anonymous_0)
FNDA:1,(anonymous_1)
DA:2,2
DA:5,2
DA:8,1
DA:14,1
DA:18,2
DA:20,1
DA:26,1
DA:30,2
LF:8
LH:8
BRF:0
BRH:0
end_of_record
TN:
SF:src\routes\authRoutes.js
FNF:0
FNH:0
DA:2,1
DA:4,1
DA:9,1
DA:12,1
DA:16,1
DA:20,1
LF:6
LH:6
BRF:0
BRH:0
end_of_record
TN:
SF:src\routes\recursoRoutes.js
FN:10,(anonymous_0)
FN:20,(anonymous_1)
FN:32,(anonymous_2)
FN:44,(anonymous_3)
FN:56,(anonymous_4)
FN:69,(anonymous_5)
FNF:6
FNH:0
FNDA:0,(anonymous_0)
FNDA:0,(anonymous_1)
FNDA:0,(anonymous_2)
FNDA:0,(anonymous_3)
FNDA:0,(anonymous_4)
FNDA:0,(anonymous_5)
DA:2,1
DA:3,1
DA:6,1
DA:7,1
DA:10,1
DA:11,0
DA:12,0
DA:16,1
DA:21,0
DA:22,0
DA:28,1
DA:33,0
DA:34,0
DA:40,1
DA:45,0
DA:46,0
DA:52,1
DA:57,0
DA:58,0
DA:59,0
DA:65,1
DA:70,0
DA:71,0
DA:77,1
LF:24
LH:11
BRF:0
BRH:0
end_of_record
